<?xml version="1.0" encoding="UTF-8"?>
<!-- Generated by org.testng.reporters.JUnitReportReporter -->
<testsuite skipped="0" hostname="Home-PC" name="Test1.QuotesTest2" tests="4" failures="0" timestamp="2020-04-27T22:16:57 EDT" time="35.598" errors="0">
  <testcase name="verifyHomePageTitle" time="0.037" classname="Test1.QuotesTest2"/>
  <system-out/>
  <testcase name="verifyLogIn" time="9.123" classname="Test1.QuotesTest2"/>
  <system-out/>
  <testcase name="verify_main_menu" time="0.294" classname="Test1.QuotesTest2"/>
  <system-out/>
  <testcase name="verify_quotes_menu" time="26.144" classname="Test1.QuotesTest2"/>
  <system-out/>
</testsuite> <!-- Test1.QuotesTest2 -->
