<?xml version="1.0" encoding="UTF-8"?>
<!-- Generated by org.testng.reporters.JUnitReportReporter -->
<testsuite skipped="0" hostname="Home-PC" name="Test1.Javatest3" tests="4" failures="0" timestamp="2020-04-29T17:38:12 EDT" time="43.868" errors="0">
  <testcase name="verifyHomePageTitle" time="0.234" classname="Test1.Javatest3"/>
  <system-out/>
  <testcase name="verifyLogIn" time="13.720" classname="Test1.Javatest3"/>
  <system-out/>
  <testcase name="verify_main_menu" time="0.299" classname="Test1.Javatest3"/>
  <system-out/>
  <testcase name="verify_quotes_menu" time="29.615" classname="Test1.Javatest3"/>
  <system-out/>
</testsuite> <!-- Test1.Javatest3 -->
