<?xml version="1.0" encoding="UTF-8"?>
<!-- Generated by org.testng.reporters.JUnitReportReporter -->
<testsuite skipped="0" hostname="Home-PC" name="Test1.Javatest2" tests="4" failures="0" timestamp="2020-04-27T21:17:45 EDT" time="33.392" errors="0">
  <testcase name="verifyHomePageTitle" time="0.428" classname="Test1.Javatest2"/>
  <system-out/>
  <testcase name="verifyLogIn" time="9.665" classname="Test1.Javatest2"/>
  <system-out/>
  <testcase name="verify_main_menu" time="0.348" classname="Test1.Javatest2"/>
  <system-out/>
  <testcase name="verify_quotes_menu" time="22.951" classname="Test1.Javatest2"/>
  <system-out/>
</testsuite> <!-- Test1.Javatest2 -->
