<?xml version="1.0" encoding="UTF-8"?>
<!-- Generated by org.testng.reporters.JUnitReportReporter -->
<testsuite skipped="0" hostname="Home-PC" name="Test1.Javatest5" tests="4" failures="0" timestamp="2020-04-27T21:45:46 EDT" time="27.610" errors="0">
  <testcase name="verifyHomePageTitle" time="0.218" classname="Test1.Javatest5"/>
  <system-out/>
  <testcase name="verifyLogIn" time="10.099" classname="Test1.Javatest5"/>
  <system-out/>
  <testcase name="verify_main_menu" time="0.320" classname="Test1.Javatest5"/>
  <system-out/>
  <testcase name="verify_quotes_menu" time="16.973" classname="Test1.Javatest5"/>
  <system-out/>
</testsuite> <!-- Test1.Javatest5 -->
