<?xml version="1.0" encoding="UTF-8"?>
<!-- Generated by org.testng.reporters.JUnitReportReporter -->
<testsuite skipped="0" hostname="Home-PC" name="Test1.QuotesTest" tests="4" failures="0" timestamp="2020-04-27T21:50:13 EDT" time="28.260" errors="0">
  <testcase name="verifyHomePageTitle" time="0.242" classname="Test1.QuotesTest"/>
  <system-out/>
  <testcase name="verifyLogIn" time="9.568" classname="Test1.QuotesTest"/>
  <system-out/>
  <testcase name="verify_main_menu" time="0.326" classname="Test1.QuotesTest"/>
  <system-out/>
  <testcase name="verify_quotes_menu" time="18.124" classname="Test1.QuotesTest"/>
  <system-out/>
</testsuite> <!-- Test1.QuotesTest -->
