<?xml version="1.0" encoding="UTF-8"?>
<!-- Generated by org.testng.reporters.JUnitReportReporter -->
<testsuite hostname="Home-PC" name="Test1.SampleTestNGTest" tests="1" failures="0" timestamp="8 Apr 2020 23:15:08 GMT" time="0.056" errors="0">
  <testcase name="verifyHomePageTitle" time="0.056" classname="Test1.SampleTestNGTest"/>
</testsuite> <!-- Test1.SampleTestNGTest -->
