<?xml version="1.0" encoding="UTF-8"?>
<!-- Generated by org.testng.reporters.JUnitReportReporter -->
<testsuite skipped="0" hostname="Home-PC" name="Test1.QuotesTest_CA" tests="4" failures="0" timestamp="2020-05-25T15:58:27 EDT" time="31.366" errors="0">
  <testcase name="verifyHomePageTitle" time="0.066" classname="Test1.QuotesTest_CA"/>
  <system-out/>
  <testcase name="verifyLogIn" time="10.863" classname="Test1.QuotesTest_CA"/>
  <system-out/>
  <testcase name="verify_main_menu" time="0.823" classname="Test1.QuotesTest_CA"/>
  <system-out/>
  <testcase name="verify_quotes" time="19.614" classname="Test1.QuotesTest_CA"/>
  <system-out/>
</testsuite> <!-- Test1.QuotesTest_CA -->
