<?xml version="1.0" encoding="UTF-8"?>
<!-- Generated by org.testng.reporters.JUnitReportReporter -->
<testsuite skipped="0" hostname="Home-PC" name="Test1.Javatest4" tests="4" failures="0" timestamp="2020-04-27T21:42:13 EDT" time="28.314" errors="0">
  <testcase name="verifyHomePageTitle" time="0.282" classname="Test1.Javatest4"/>
  <system-out/>
  <testcase name="verifyLogIn" time="9.917" classname="Test1.Javatest4"/>
  <system-out/>
  <testcase name="verify_main_menu" time="0.390" classname="Test1.Javatest4"/>
  <system-out/>
  <testcase name="verify_quotes_menu" time="17.725" classname="Test1.Javatest4"/>
  <system-out/>
</testsuite> <!-- Test1.Javatest4 -->
