<?xml version="1.0" encoding="UTF-8"?>
<!-- Generated by org.testng.reporters.JUnitReportReporter -->
<testsuite skipped="0" hostname="Home-PC" name="Test1.QuotesTest_CA_US" tests="4" failures="0" timestamp="2020-08-05T11:44:30 EDT" time="95.325" errors="0">
  <testcase name="verifyHomePageTitle" time="0.204" classname="Test1.QuotesTest_CA_US"/>
  <system-out/>
  <testcase name="verifyLogIn" time="35.106" classname="Test1.QuotesTest_CA_US"/>
  <system-out/>
  <testcase name="verify_main_menu" time="0.899" classname="Test1.QuotesTest_CA_US"/>
  <system-out/>
  <testcase name="verify_quotes" time="59.116" classname="Test1.QuotesTest_CA_US"/>
  <system-out/>
</testsuite> <!-- Test1.QuotesTest_CA_US -->
